<?xml version="1.0" encoding="UTF-8"?>
<testng-results ignored="0" total="1" passed="1" failed="0" skipped="0">
  <reporter-output>
  </reporter-output>
  <suite started-at="2024-01-25T23:35:36 EST" name="Surefire suite" finished-at="2024-01-25T23:35:43 EST" duration-ms="7111">
    <groups>
    </groups>
    <test started-at="2024-01-25T23:35:36 EST" name="Surefire test" finished-at="2024-01-25T23:35:43 EST" duration-ms="7111">
      <class name="runner.TestRunnerCucumberReport">
        <test-method signature="testParallel()" started-at="2024-01-25T23:35:36 EST" name="testParallel" finished-at="2024-01-25T23:35:43 EST" duration-ms="7076" status="PASS">
          <reporter-output>
          </reporter-output>
        </test-method> <!-- testParallel -->
      </class> <!-- runner.TestRunnerCucumberReport -->
    </test> <!-- Surefire test -->
  </suite> <!-- Surefire suite -->
</testng-results>
